<?xml version="1.0" encoding="UTF-8"?>
<!-- Generated by org.testng.reporters.JUnitReportReporter -->
<testsuite hostname="DESKTOP-UD799V0" failures="0" tests="1" name="rahulshettyacademy.tests.ErrorValidation" time="10.986" errors="0" timestamp="2023-04-20T12:24:30 BST" skipped="0">
  <testcase classname="rahulshettyacademy.tests.ErrorValidation" name="LoginErrorValidation" time="10.986"/>
  <system-out/>
</testsuite> <!-- rahulshettyacademy.tests.ErrorValidation -->
