<?xml version="1.0" encoding="UTF-8"?>
<!-- Generated by org.testng.reporters.JUnitReportReporter -->
<testsuite hostname="DESKTOP-UD799V0" failures="0" tests="1" name="cucumber.TestNGTestRunner" time="12.299" errors="0" timestamp="2023-04-20T14:49:12 BST" skipped="0">
  <testcase classname="cucumber.TestNGTestRunner" name="runScenario" time="12.299"/>
  <system-out/>
</testsuite> <!-- cucumber.TestNGTestRunner -->
